This is pdfTeX, Version 3.1415926-2.4-1.40.13 (TeX Live 2012/Debian) (format=pdflatex 2012.12.5)  3 JAN 2013 20:22
entering extended mode
 restricted \write18 enabled.
 Source specials enabled.
 %&-line parsing enabled.
**lsa_satzung.tex
(./lsa_satzung.tex
LaTeX2e <2011/06/27>
Babel <v3.8m> and hyphenation patterns for english, dumylang, nohyphenation, lo
aded.
(/usr/share/texlive/texmf-dist/tex/latex/base/article.cls
Document Class: article 2007/10/19 v1.4h Standard LaTeX document class
(/usr/share/texlive/texmf-dist/tex/latex/base/size10.clo
File: size10.clo 2007/10/19 v1.4h Standard LaTeX file (size option)
)
\c@part=\count79
\c@section=\count80
\c@subsection=\count81
\c@subsubsection=\count82
\c@paragraph=\count83
\c@subparagraph=\count84
\c@figure=\count85
\c@table=\count86
\abovecaptionskip=\skip41
\belowcaptionskip=\skip42
\bibindent=\dimen102
)
(/usr/share/texlive/texmf-dist/tex/latex/base/inputenc.sty
Package: inputenc 2008/03/30 v1.1d Input encoding file
\inpenc@prehook=\toks14
\inpenc@posthook=\toks15

(/usr/share/texlive/texmf-dist/tex/latex/base/utf8.def
File: utf8.def 2008/04/05 v1.1m UTF-8 support for inputenc
Now handling font encoding OML ...
... no UTF-8 mapping file for font encoding OML
Now handling font encoding T1 ...
... processing UTF-8 mapping file for font encoding T1

(/usr/share/texlive/texmf-dist/tex/latex/base/t1enc.dfu
File: t1enc.dfu 2008/04/05 v1.1m UTF-8 support for inputenc
   defining Unicode char U+00A1 (decimal 161)
   defining Unicode char U+00A3 (decimal 163)
   defining Unicode char U+00AB (decimal 171)
   defining Unicode char U+00BB (decimal 187)
   defining Unicode char U+00BF (decimal 191)
   defining Unicode char U+00C0 (decimal 192)
   defining Unicode char U+00C1 (decimal 193)
   defining Unicode char U+00C2 (decimal 194)
   defining Unicode char U+00C3 (decimal 195)
   defining Unicode char U+00C4 (decimal 196)
   defining Unicode char U+00C5 (decimal 197)
   defining Unicode char U+00C6 (decimal 198)
   defining Unicode char U+00C7 (decimal 199)
   defining Unicode char U+00C8 (decimal 200)
   defining Unicode char U+00C9 (decimal 201)
   defining Unicode char U+00CA (decimal 202)
   defining Unicode char U+00CB (decimal 203)
   defining Unicode char U+00CC (decimal 204)
   defining Unicode char U+00CD (decimal 205)
   defining Unicode char U+00CE (decimal 206)
   defining Unicode char U+00CF (decimal 207)
   defining Unicode char U+00D0 (decimal 208)
   defining Unicode char U+00D1 (decimal 209)
   defining Unicode char U+00D2 (decimal 210)
   defining Unicode char U+00D3 (decimal 211)
   defining Unicode char U+00D4 (decimal 212)
   defining Unicode char U+00D5 (decimal 213)
   defining Unicode char U+00D6 (decimal 214)
   defining Unicode char U+00D8 (decimal 216)
   defining Unicode char U+00D9 (decimal 217)
   defining Unicode char U+00DA (decimal 218)
   defining Unicode char U+00DB (decimal 219)
   defining Unicode char U+00DC (decimal 220)
   defining Unicode char U+00DD (decimal 221)
   defining Unicode char U+00DE (decimal 222)
   defining Unicode char U+00DF (decimal 223)
   defining Unicode char U+00E0 (decimal 224)
   defining Unicode char U+00E1 (decimal 225)
   defining Unicode char U+00E2 (decimal 226)
   defining Unicode char U+00E3 (decimal 227)
   defining Unicode char U+00E4 (decimal 228)
   defining Unicode char U+00E5 (decimal 229)
   defining Unicode char U+00E6 (decimal 230)
   defining Unicode char U+00E7 (decimal 231)
   defining Unicode char U+00E8 (decimal 232)
   defining Unicode char U+00E9 (decimal 233)
   defining Unicode char U+00EA (decimal 234)
   defining Unicode char U+00EB (decimal 235)
   defining Unicode char U+00EC (decimal 236)
   defining Unicode char U+00ED (decimal 237)
   defining Unicode char U+00EE (decimal 238)
   defining Unicode char U+00EF (decimal 239)
   defining Unicode char U+00F0 (decimal 240)
   defining Unicode char U+00F1 (decimal 241)
   defining Unicode char U+00F2 (decimal 242)
   defining Unicode char U+00F3 (decimal 243)
   defining Unicode char U+00F4 (decimal 244)
   defining Unicode char U+00F5 (decimal 245)
   defining Unicode char U+00F6 (decimal 246)
   defining Unicode char U+00F8 (decimal 248)
   defining Unicode char U+00F9 (decimal 249)
   defining Unicode char U+00FA (decimal 250)
   defining Unicode char U+00FB (decimal 251)
   defining Unicode char U+00FC (decimal 252)
   defining Unicode char U+00FD (decimal 253)
   defining Unicode char U+00FE (decimal 254)
   defining Unicode char U+00FF (decimal 255)
   defining Unicode char U+0102 (decimal 258)
   defining Unicode char U+0103 (decimal 259)
   defining Unicode char U+0104 (decimal 260)
   defining Unicode char U+0105 (decimal 261)
   defining Unicode char U+0106 (decimal 262)
   defining Unicode char U+0107 (decimal 263)
   defining Unicode char U+010C (decimal 268)
   defining Unicode char U+010D (decimal 269)
   defining Unicode char U+010E (decimal 270)
   defining Unicode char U+010F (decimal 271)
   defining Unicode char U+0110 (decimal 272)
   defining Unicode char U+0111 (decimal 273)
   defining Unicode char U+0118 (decimal 280)
   defining Unicode char U+0119 (decimal 281)
   defining Unicode char U+011A (decimal 282)
   defining Unicode char U+011B (decimal 283)
   defining Unicode char U+011E (decimal 286)
   defining Unicode char U+011F (decimal 287)
   defining Unicode char U+0130 (decimal 304)
   defining Unicode char U+0131 (decimal 305)
   defining Unicode char U+0132 (decimal 306)
   defining Unicode char U+0133 (decimal 307)
   defining Unicode char U+0139 (decimal 313)
   defining Unicode char U+013A (decimal 314)
   defining Unicode char U+013D (decimal 317)
   defining Unicode char U+013E (decimal 318)
   defining Unicode char U+0141 (decimal 321)
   defining Unicode char U+0142 (decimal 322)
   defining Unicode char U+0143 (decimal 323)
   defining Unicode char U+0144 (decimal 324)
   defining Unicode char U+0147 (decimal 327)
   defining Unicode char U+0148 (decimal 328)
   defining Unicode char U+014A (decimal 330)
   defining Unicode char U+014B (decimal 331)
   defining Unicode char U+0150 (decimal 336)
   defining Unicode char U+0151 (decimal 337)
   defining Unicode char U+0152 (decimal 338)
   defining Unicode char U+0153 (decimal 339)
   defining Unicode char U+0154 (decimal 340)
   defining Unicode char U+0155 (decimal 341)
   defining Unicode char U+0158 (decimal 344)
   defining Unicode char U+0159 (decimal 345)
   defining Unicode char U+015A (decimal 346)
   defining Unicode char U+015B (decimal 347)
   defining Unicode char U+015E (decimal 350)
   defining Unicode char U+015F (decimal 351)
   defining Unicode char U+0160 (decimal 352)
   defining Unicode char U+0161 (decimal 353)
   defining Unicode char U+0162 (decimal 354)
   defining Unicode char U+0163 (decimal 355)
   defining Unicode char U+0164 (decimal 356)
   defining Unicode char U+0165 (decimal 357)
   defining Unicode char U+016E (decimal 366)
   defining Unicode char U+016F (decimal 367)
   defining Unicode char U+0170 (decimal 368)
   defining Unicode char U+0171 (decimal 369)
   defining Unicode char U+0178 (decimal 376)
   defining Unicode char U+0179 (decimal 377)
   defining Unicode char U+017A (decimal 378)
   defining Unicode char U+017B (decimal 379)
   defining Unicode char U+017C (decimal 380)
   defining Unicode char U+017D (decimal 381)
   defining Unicode char U+017E (decimal 382)
   defining Unicode char U+200C (decimal 8204)
   defining Unicode char U+2013 (decimal 8211)
   defining Unicode char U+2014 (decimal 8212)
   defining Unicode char U+2018 (decimal 8216)
   defining Unicode char U+2019 (decimal 8217)
   defining Unicode char U+201A (decimal 8218)
   defining Unicode char U+201C (decimal 8220)
   defining Unicode char U+201D (decimal 8221)
   defining Unicode char U+201E (decimal 8222)
   defining Unicode char U+2030 (decimal 8240)
   defining Unicode char U+2031 (decimal 8241)
   defining Unicode char U+2039 (decimal 8249)
   defining Unicode char U+203A (decimal 8250)
   defining Unicode char U+2423 (decimal 9251)
)
Now handling font encoding OT1 ...
... processing UTF-8 mapping file for font encoding OT1

(/usr/share/texlive/texmf-dist/tex/latex/base/ot1enc.dfu
File: ot1enc.dfu 2008/04/05 v1.1m UTF-8 support for inputenc
   defining Unicode char U+00A1 (decimal 161)
   defining Unicode char U+00A3 (decimal 163)
   defining Unicode char U+00B8 (decimal 184)
   defining Unicode char U+00BF (decimal 191)
   defining Unicode char U+00C5 (decimal 197)
   defining Unicode char U+00C6 (decimal 198)
   defining Unicode char U+00D8 (decimal 216)
   defining Unicode char U+00DF (decimal 223)
   defining Unicode char U+00E6 (decimal 230)
   defining Unicode char U+00EC (decimal 236)
   defining Unicode char U+00ED (decimal 237)
   defining Unicode char U+00EE (decimal 238)
   defining Unicode char U+00EF (decimal 239)
   defining Unicode char U+00F8 (decimal 248)
   defining Unicode char U+0131 (decimal 305)
   defining Unicode char U+0141 (decimal 321)
   defining Unicode char U+0142 (decimal 322)
   defining Unicode char U+0152 (decimal 338)
   defining Unicode char U+0153 (decimal 339)
   defining Unicode char U+2013 (decimal 8211)
   defining Unicode char U+2014 (decimal 8212)
   defining Unicode char U+2018 (decimal 8216)
   defining Unicode char U+2019 (decimal 8217)
   defining Unicode char U+201C (decimal 8220)
   defining Unicode char U+201D (decimal 8221)
)
Now handling font encoding OMS ...
... processing UTF-8 mapping file for font encoding OMS

(/usr/share/texlive/texmf-dist/tex/latex/base/omsenc.dfu
File: omsenc.dfu 2008/04/05 v1.1m UTF-8 support for inputenc
   defining Unicode char U+00A7 (decimal 167)
   defining Unicode char U+00B6 (decimal 182)
   defining Unicode char U+00B7 (decimal 183)
   defining Unicode char U+2020 (decimal 8224)
   defining Unicode char U+2021 (decimal 8225)
   defining Unicode char U+2022 (decimal 8226)
)
Now handling font encoding OMX ...
... no UTF-8 mapping file for font encoding OMX
Now handling font encoding U ...
... no UTF-8 mapping file for font encoding U
   defining Unicode char U+00A9 (decimal 169)
   defining Unicode char U+00AA (decimal 170)
   defining Unicode char U+00AE (decimal 174)
   defining Unicode char U+00BA (decimal 186)
   defining Unicode char U+02C6 (decimal 710)
   defining Unicode char U+02DC (decimal 732)
   defining Unicode char U+200C (decimal 8204)
   defining Unicode char U+2026 (decimal 8230)
   defining Unicode char U+2122 (decimal 8482)
   defining Unicode char U+2423 (decimal 9251)
))
(/usr/share/texlive/texmf-dist/tex/latex/base/fontenc.sty
Package: fontenc 2005/09/27 v1.99g Standard LaTeX package

(/usr/share/texlive/texmf-dist/tex/latex/base/t1enc.def
File: t1enc.def 2005/09/27 v1.99g Standard LaTeX file
LaTeX Font Info:    Redeclaring font encoding T1 on input line 43.
))
(/usr/share/texlive/texmf-dist/tex/generic/babel/babel.sty
Package: babel 2008/07/08 v3.8m The Babel package

(/usr/share/texlive/texmf-dist/tex/generic/babel/ngermanb.ldf
Language: ngermanb 2008/07/06 v2.6n new German support from the babel system

(/usr/share/texlive/texmf-dist/tex/generic/babel/babel.def
File: babel.def 2008/07/08 v3.8m Babel common definitions
\babel@savecnt=\count87
\U@D=\dimen103
)

Package babel Warning: No hyphenation patterns were loaded for
(babel)                the language `ngerman'
(babel)                I will use the patterns loaded for \language=0 instead.

\l@ngerman = a dialect from \language0
\l@naustrian = a dialect from \language\l@ngerman 
Package babel Info: Making " an active character on input line 92.
)) (./lsa_satzung.aux)
\openout1 = `lsa_satzung.aux'.

LaTeX Font Info:    Checking defaults for OML/cmm/m/it on input line 11.
LaTeX Font Info:    ... okay on input line 11.
LaTeX Font Info:    Checking defaults for T1/cmr/m/n on input line 11.
LaTeX Font Info:    ... okay on input line 11.
LaTeX Font Info:    Checking defaults for OT1/cmr/m/n on input line 11.
LaTeX Font Info:    ... okay on input line 11.
LaTeX Font Info:    Checking defaults for OMS/cmsy/m/n on input line 11.
LaTeX Font Info:    ... okay on input line 11.
LaTeX Font Info:    Checking defaults for OMX/cmex/m/n on input line 11.
LaTeX Font Info:    ... okay on input line 11.
LaTeX Font Info:    Checking defaults for U/cmr/m/n on input line 11.
LaTeX Font Info:    ... okay on input line 11.
LaTeX Font Info:    External font `cmex10' loaded for size
(Font)              <12> on input line 13.
LaTeX Font Info:    External font `cmex10' loaded for size
(Font)              <8> on input line 13.
LaTeX Font Info:    External font `cmex10' loaded for size
(Font)              <6> on input line 13.
 (./lsa_satzung.toc
LaTeX Font Info:    External font `cmex10' loaded for size
(Font)              <7> on input line 3.
LaTeX Font Info:    External font `cmex10' loaded for size
(Font)              <5> on input line 3.
)
\tf@toc=\write3
\openout3 = `lsa_satzung.toc'.

 [1

{/var/lib/texmf/fonts/map/pdftex/updmap/pdftex.map}]
Overfull \hbox (1.06052pt too wide) in paragraph at lines 51--53
[][]\T1/cmr/m/n/10 Mitglied des Lan-desver-ban-des ist jedes Mit-glied der Pi-r
aten-partei Deutsch-|
 []


Overfull \hbox (6.9202pt too wide) in paragraph at lines 69--73
\T1/cmr/m/n/10 allein durch die Bun-dessatzung geregelt. Eine hi-er-von ab-we-i
chende Regelung|
 []


Overfull \hbox (9.71118pt too wide) in paragraph at lines 77--78
[][]\T1/cmr/m/n/10 Die Beendi-gung der Mit-glied-schaft ist der niedrig-sten Gl
iederung anzuzeigen. |
 []

[2]
Overfull \hbox (9.98889pt too wide) in paragraph at lines 116--121
\T1/cmr/m/n/10 Än-derun-gen an der Geschäft-sor-d-nung sind dem Lan-desvor-stan
d un-verzüglich|
 []


Overfull \hbox (2.7962pt too wide) in paragraph at lines 122--130
[][]\T1/cmr/m/n/10 Liegt die Kopie der Geschäft-sor-d-nung des Vor-standes ein-
er Un-ter-gliederung|
 []

[3]
Overfull \hbox (18.83395pt too wide) in paragraph at lines 141--144
\T1/cmr/m/n/10 die Ge-bi-etsver-samm-lung, die Auf-stel-lungsver-samm-lung und 
die Grün-dungsver-|
 []


Overfull \hbox (0.13019pt too wide) in paragraph at lines 158--162
[][]\T1/cmr/m/n/10 Die Mit-glieder des Vor-standes wer-den vom Lan-desparteitag
 oder der Grün-|
 []


Overfull \hbox (10.30826pt too wide) in paragraph at lines 158--162
\T1/cmr/m/n/10 desparteitag gewählt oder bis ein neuer Lan-desvor-stand durch e
inen ausseror-|
 []


Overfull \hbox (4.25418pt too wide) in paragraph at lines 172--175
[][]\T1/cmr/m/n/10 Auf Antrag eines Zehn-tels der Pi-rat-en des Lan-desver-ban-
des Sachsen-Anhalt|
 []

[4]
Overfull \hbox (19.61154pt too wide) in paragraph at lines 241--245
[][]\T1/cmr/m/n/10 Ist der Vor-stand hand-lung-sun-fähig, kann ein auÿeror-dent
lich-er Lan-desparteitag|
 []


Overfull \hbox (6.94797pt too wide) in paragraph at lines 241--245
\T1/cmr/m/n/10 ein-berufen wer-den. Dies geschieht schriftlich mit ein-er Frist
 von zwei Wochen|
 []

[5]
Overfull \hbox (2.08804pt too wide) in paragraph at lines 249--255
\T1/cmr/m/n/10 pro-tokoll gefer-tigt, das von der Pro-tokollführung, der Ver-sa
mm-lungsleitung|
 []


Overfull \hbox (2.33798pt too wide) in paragraph at lines 249--255
\T1/cmr/m/n/10 sitzen-den un-ter-schrieben wird. Das Wahl-pro-tokoll wird durch
 den Wahlleit-|
 []


Overfull \hbox (16.47342pt too wide) in paragraph at lines 273--278
[][]\T1/cmr/m/n/10 Die Ge-bi-etsver-samm-lung ist ein Or-gan der un-ter-sten ex
-istieren-den Gliederung,|
 []


Overfull \hbox (7.80035pt too wide) in paragraph at lines 287--289
[][]\T1/cmr/m/n/10 gegebenenfalls weit-ere ihr nach der Satzung der zuständi-ge
n Gliederung|
 []

[6]
Overfull \hbox (7.26733pt too wide) in paragraph at lines 309--312
[][]\T1/cmr/m/n/10 Für die Ein-ladung zu ein-er Ge-bi-etsver-samm-lung gel-ten 
die gle-ichen Regelun-|
 []


Overfull \hbox (9.82227pt too wide) in paragraph at lines 309--312
\T1/cmr/m/n/10 gen wie zur Mit-gliederver-samm-lung der zuständi-gen Gliederung
. Die Satzung|
 []


Overfull \hbox (13.9046pt too wide) in paragraph at lines 309--312
\T1/cmr/m/n/10 der zuständi-gen Gliederung kann je-doch ab-we-ichende Regelun-g
en beschlieÿen. |
 []


Overfull \hbox (12.33554pt too wide) in paragraph at lines 323--325
[][]\T1/cmr/m/n/10 Die Regelun-gen in Ÿ 9c mit Aus-nahme von Ab-satz 4 und 5 ge
l-ten entsprechend|
 []


Overfull \hbox (25.32323pt too wide) in paragraph at lines 330--330
[]\T1/cmr/bx/n/12 Ÿ 10 - Be-wer-ber-auf-stel-lung für die Wahlen zu Volksvertre
-|
 []


Overfull \hbox (3.89316pt too wide) in paragraph at lines 345--348
\T1/cmr/m/n/10 desparteitag kann nur abges-timmt wer-den, wenn er min-destens d
rei Wochen|
 []

[7]
Overfull \hbox (1.58817pt too wide) in paragraph at lines 383--387
\T1/cmr/m/n/10 muÿ von zwei Vor-standsmit-gliedern un-terze-ich-net wer-den, wo
bei der übrige|
 []


Overfull \hbox (13.4325pt too wide) in paragraph at lines 391--394
[][]\T1/cmr/m/n/10 Der Schatzmeis-ter des Lan-desver-ban-des kann von un-ter-ge
-ord-neten Gliederun-|
 []


Overfull \hbox (0.42178pt too wide) in paragraph at lines 401--405
[][]\T1/cmr/m/n/10 10% der Parteien-fi-nanzierung verbleibt bis zur näch-sten A
b-schlagszahlung,|
 []


Overfull \hbox (10.97476pt too wide) in paragraph at lines 401--405
\T1/cmr/m/n/10 min-destens je-doch für ein Jahr, als Rück-lage beim Lan-desver-
band. Aufgelöste|
 []


Overfull \hbox (7.00351pt too wide) in paragraph at lines 401--405
\T1/cmr/m/n/10 Rück-la-gen wer-den zur ak-tuellen Ab-schlagszahlung ad-diert un
d entsprechend|
 []

[8]
Overfull \hbox (10.31363pt too wide) in paragraph at lines 456--459
\T1/cmr/m/n/10 stellen. Zu-las-sungsquoren und Antragskontin-gente sind zuläs-s
ig, müssen|
 []


Overfull \hbox (4.95383pt too wide) in paragraph at lines 462--464
[][]\T1/cmr/m/n/10 Jedem Mit-glied muss es in-ner-halb eines bes-timmten Zeitra
ums möglich|
 []

[9]
Overfull \hbox (1.78793pt too wide) in paragraph at lines 464--468
\T1/cmr/m/n/10 ähn-liche Al-ter-na-ti-vanträge gibt, nicht prinzipbe-d-ingt bev
orzu-gen oder|
 []


Overfull \hbox (10.147pt too wide) in paragraph at lines 464--468
\T1/cmr/m/n/10 eren-den Anträ-gen gle-ichzeit-ig zuzus-tim-men. Der Ein-satz ei
nes Präferen-|
 []


Overfull \hbox (9.58621pt too wide) in paragraph at lines 494--500
[][]\T1/cmr/m/n/10 Verstöÿt ein Nutzer wieder-holt und in er-he-blichem Maÿe ge
gen die Nutzungs-|
 []

[10] (./lsa_satzung.aux) ) 
Here is how much of TeX's memory you used:
 1007 strings out of 495059
 10303 string characters out of 3182030
 65119 words of memory out of 3000000
 4226 multiletter control sequences out of 15000+200000
 11766 words of font info for 30 fonts, out of 3000000 for 9000
 14 hyphenation exceptions out of 8191
 24i,6n,24p,213b,265s stack positions out of 5000i,500n,10000p,200000b,50000s
 </home/thelion/.texmf-var/fonts/pk/ljfour/jknappen/e
c/ecbx1200.600pk> </home/thelion/.texmf-var/fonts/pk/ljfour/jknappen/ec/ecrm100
0.600pk> </home/thelion/.texmf-var/fonts/pk/ljfour/jknappen/ec/ecbx1000.600pk> 
</home/thelion/.texmf-var/fonts/pk/ljfour/jknappen/ec/ecbx1440.600pk> </home/th
elion/.texmf-var/fonts/pk/ljfour/jknappen/ec/ecrm1200.600pk> </home/thelion/.te
xmf-var/fonts/pk/ljfour/jknappen/ec/ecrm1728.600pk>
Output written on lsa_satzung.pdf (10 pages, 101534 bytes).
PDF statistics:
 325 PDF objects out of 1000 (max. 8388607)
 48 compressed objects within 1 object stream
 0 named destinations out of 1000 (max. 500000)
 1 words of extra memory for PDF output out of 10000 (max. 10000000)

